2025-05-28 07:34:41,636 WARNING: User login successful.
2025-05-28 07:34:44,892 INFO: Service restarted.
2025-05-28 07:34:49,268 INFO: Failed to connect to database.
2025-05-28 07:34:54,207 INFO: Network latency detected.
2025-05-28 07:34:57,251 INFO: Service restarted.
2025-05-28 07:35:01,947 INFO: Disk space getting low.
2025-05-28 07:35:05,269 WARNING: Service restarted.
2025-05-28 07:35:08,715 ERROR: Disk space getting low.
2025-05-28 07:35:11,662 INFO: Disk space getting low.
2025-05-28 07:35:15,756 WARNING: System running smoothly.
2025-05-28 07:35:20,217 WARNING: Unexpected error in module X.
2025-05-28 07:35:24,627 ERROR: Unexpected error in module X.
2025-05-28 07:35:27,387 INFO: Disk space getting low.
2025-05-28 07:35:30,662 WARNING: Network latency detected.
2025-05-28 07:35:33,540 INFO: Network latency detected.
2025-05-28 07:35:37,127 INFO: Disk space getting low.
2025-05-28 07:35:40,361 INFO: Failed to connect to database.
2025-05-28 07:35:43,862 ERROR: Failed to connect to database.
2025-05-28 07:35:46,555 ERROR: Disk space getting low.
2025-05-28 07:35:48,870 INFO: Network latency detected.
2025-05-28 07:35:52,996 ERROR: Failed to connect to database.
2025-05-28 07:35:55,939 ERROR: High memory usage detected.
2025-05-28 07:35:58,515 ERROR: User login successful.
2025-05-28 07:36:01,518 ERROR: User login successful.
2025-05-28 07:36:06,171 WARNING: Service restarted.
2025-05-28 07:36:09,717 INFO: Service restarted.
2025-05-28 07:36:13,061 ERROR: System running smoothly.
2025-05-28 07:36:16,676 ERROR: Service restarted.
2025-05-28 07:36:21,127 ERROR: Service restarted.
2025-05-28 07:36:23,903 INFO: Unexpected error in module X.
2025-05-28 07:36:27,422 INFO: System running smoothly.
2025-05-28 07:36:31,450 WARNING: Disk space getting low.
2025-05-28 07:36:34,047 ERROR: User login successful.
2025-05-28 07:36:37,312 INFO: User login successful.
2025-05-28 07:36:39,918 WARNING: Disk space getting low.
2025-05-28 07:36:42,910 INFO: User login successful.
2025-05-28 07:36:45,793 WARNING: Disk space getting low.
2025-05-28 07:36:48,696 INFO: Unexpected error in module X.
2025-05-28 07:36:51,469 WARNING: Unexpected error in module X.
2025-05-28 07:36:56,085 INFO: Failed to connect to database.
2025-05-28 07:36:59,854 INFO: Unexpected error in module X.
2025-05-28 07:37:03,000 ERROR: User login successful.
2025-05-28 07:37:06,279 WARNING: Network latency detected.
2025-05-28 07:37:09,499 ERROR: Failed to connect to database.
2025-05-28 07:37:13,221 INFO: User login successful.
2025-05-28 07:37:16,676 WARNING: Network latency detected.
2025-05-28 07:37:19,931 WARNING: High memory usage detected.
2025-05-28 07:37:24,860 WARNING: Unexpected error in module X.
2025-05-28 07:37:29,722 INFO: Failed to connect to database.
2025-05-28 07:37:32,252 INFO: System running smoothly.
2025-05-28 07:37:36,033 ERROR: System running smoothly.
2025-05-28 07:37:40,266 WARNING: System running smoothly.
2025-05-28 07:37:43,750 INFO: Service restarted.
2025-05-28 07:37:45,978 INFO: Failed to connect to database.
2025-05-28 07:37:48,287 INFO: Failed to connect to database.
2025-05-28 07:37:51,630 WARNING: High memory usage detected.
2025-05-28 07:37:54,395 INFO: Service restarted.
2025-05-28 07:37:56,922 WARNING: Service restarted.
2025-05-28 07:38:00,009 ERROR: High memory usage detected.
2025-05-28 07:38:03,406 INFO: Network latency detected.
2025-05-28 07:38:05,821 WARNING: Failed to connect to database.
2025-05-28 07:38:07,879 ERROR: Failed to connect to database.
2025-05-28 07:38:11,347 INFO: System running smoothly.
2025-05-28 07:38:14,635 WARNING: Disk space getting low.
2025-05-28 07:38:19,039 INFO: Service restarted.
2025-05-28 07:38:22,111 WARNING: Unexpected error in module X.
2025-05-28 07:38:25,668 WARNING: Disk space getting low.
2025-05-28 07:38:28,395 ERROR: Disk space getting low.
2025-05-28 07:38:33,029 INFO: Unexpected error in module X.
2025-05-28 07:38:37,729 WARNING: Failed to connect to database.
2025-05-28 07:38:40,519 INFO: System running smoothly.
2025-05-28 07:38:43,098 ERROR: User login successful.
2025-05-28 07:38:45,481 ERROR: Unexpected error in module X.
2025-05-28 07:38:49,393 ERROR: Network latency detected.
2025-05-28 07:38:52,682 WARNING: Network latency detected.
2025-05-28 07:38:57,087 WARNING: Unexpected error in module X.
2025-05-28 07:38:59,741 INFO: Disk space getting low.
2025-05-28 07:39:01,958 WARNING: User login successful.
2025-05-28 07:39:06,003 WARNING: Service restarted.
2025-05-28 07:39:08,962 ERROR: Service restarted.
2025-05-28 07:39:13,261 ERROR: User login successful.
2025-05-28 07:39:16,681 ERROR: Unexpected error in module X.
2025-05-28 07:39:19,182 INFO: System running smoothly.
2025-05-28 07:39:23,668 INFO: User login successful.
2025-05-28 07:39:26,395 ERROR: Network latency detected.
2025-05-28 07:39:29,920 WARNING: Service restarted.
2025-05-28 07:39:32,019 WARNING: System running smoothly.
2025-05-28 07:39:35,999 WARNING: Disk space getting low.
2025-05-28 07:39:39,941 ERROR: Service restarted.
2025-05-28 07:39:42,363 ERROR: Disk space getting low.
2025-05-28 07:39:46,367 INFO: Network latency detected.
2025-05-28 07:39:50,262 INFO: System running smoothly.
2025-05-28 07:39:53,203 INFO: Failed to connect to database.
2025-05-28 07:39:55,547 INFO: Service restarted.
2025-05-28 07:40:00,516 INFO: High memory usage detected.
2025-05-28 07:40:03,518 ERROR: User login successful.
2025-05-28 07:40:06,410 ERROR: Network latency detected.
2025-05-28 07:40:08,739 ERROR: Service restarted.
2025-05-28 07:40:11,091 ERROR: Disk space getting low.
2025-05-28 07:40:15,355 INFO: Service restarted.
2025-05-28 07:40:17,552 WARNING: Disk space getting low.
2025-05-28 07:40:20,111 WARNING: User login successful.
2025-05-28 07:40:24,163 WARNING: High memory usage detected.
2025-05-28 07:40:28,684 WARNING: Failed to connect to database.
2025-05-28 07:40:32,904 WARNING: Disk space getting low.
2025-05-28 07:40:37,024 ERROR: Unexpected error in module X.
2025-05-28 07:40:39,845 ERROR: Disk space getting low.
2025-05-28 07:40:44,718 WARNING: Service restarted.
2025-05-28 07:40:46,764 WARNING: Network latency detected.
2025-05-28 07:40:49,843 INFO: User login successful.
2025-05-28 07:40:52,716 INFO: Network latency detected.
2025-05-28 07:40:56,080 ERROR: Disk space getting low.
2025-05-28 07:41:00,611 WARNING: Unexpected error in module X.
2025-05-28 07:41:03,040 INFO: Service restarted.
2025-05-28 07:41:06,441 ERROR: Disk space getting low.
2025-05-28 07:41:10,983 INFO: Service restarted.
2025-05-28 07:41:14,931 INFO: System running smoothly.
2025-05-28 07:41:17,309 WARNING: Failed to connect to database.
2025-05-28 07:41:19,318 ERROR: High memory usage detected.
2025-05-28 07:41:21,773 ERROR: Network latency detected.
2025-05-28 07:41:25,427 ERROR: Service restarted.
2025-05-28 07:41:28,717 WARNING: System running smoothly.
2025-05-28 07:41:31,996 INFO: Failed to connect to database.
2025-05-28 07:41:34,925 WARNING: High memory usage detected.
2025-05-28 07:41:37,816 ERROR: Unexpected error in module X.
2025-05-28 07:41:40,973 INFO: Service restarted.
2025-05-28 07:41:45,343 INFO: User login successful.
2025-05-28 07:41:49,352 WARNING: User login successful.
2025-05-28 07:41:54,351 WARNING: Disk space getting low.
2025-05-28 07:41:57,618 INFO: Failed to connect to database.
2025-05-28 07:42:00,007 ERROR: High memory usage detected.
2025-05-28 07:42:05,023 ERROR: User login successful.
2025-05-28 07:42:08,131 ERROR: Failed to connect to database.
2025-05-28 07:42:11,707 INFO: Unexpected error in module X.
2025-05-28 07:42:14,834 WARNING: User login successful.
2025-05-28 07:42:18,745 WARNING: Service restarted.
2025-05-28 07:42:21,630 WARNING: Network latency detected.
2025-05-28 07:42:26,006 INFO: Failed to connect to database.
2025-05-28 07:42:28,071 ERROR: Failed to connect to database.
2025-05-28 07:42:33,008 ERROR: Disk space getting low.
2025-05-28 07:42:35,130 ERROR: Unexpected error in module X.
2025-05-28 07:42:38,517 INFO: High memory usage detected.
2025-05-28 07:42:41,730 INFO: Unexpected error in module X.
2025-05-28 07:42:43,942 ERROR: Disk space getting low.
2025-05-28 07:42:47,548 WARNING: User login successful.
2025-05-28 07:42:51,524 ERROR: High memory usage detected.
2025-05-28 07:42:55,741 WARNING: Unexpected error in module X.
2025-05-28 07:42:58,454 INFO: Service restarted.
2025-05-28 07:43:01,228 ERROR: Service restarted.
2025-05-28 07:43:05,327 WARNING: Network latency detected.
2025-05-28 07:43:09,441 ERROR: Network latency detected.
2025-05-28 07:43:13,396 ERROR: Failed to connect to database.
2025-05-28 07:43:16,072 INFO: Service restarted.
2025-05-28 07:43:19,124 INFO: Unexpected error in module X.
2025-05-28 07:43:21,183 ERROR: User login successful.
2025-05-28 07:43:25,130 INFO: Network latency detected.
2025-05-28 07:43:28,270 WARNING: Disk space getting low.
2025-05-28 07:43:32,856 ERROR: Unexpected error in module X.
2025-05-28 07:43:37,407 INFO: Unexpected error in module X.
2025-05-28 07:43:39,845 ERROR: Failed to connect to database.
2025-05-28 07:43:42,815 WARNING: Unexpected error in module X.
2025-05-28 07:43:46,595 WARNING: High memory usage detected.
2025-05-28 07:43:49,993 INFO: Unexpected error in module X.
2025-05-28 07:43:52,751 ERROR: Service restarted.
2025-05-28 07:43:56,734 WARNING: Network latency detected.
2025-05-28 07:44:01,103 WARNING: Service restarted.
2025-05-28 07:44:06,017 ERROR: System running smoothly.
2025-05-28 07:44:08,347 ERROR: Service restarted.
2025-05-28 07:44:11,472 WARNING: Disk space getting low.
2025-05-28 07:44:15,066 INFO: Unexpected error in module X.
2025-05-28 07:44:17,803 ERROR: Network latency detected.
2025-05-28 07:44:20,422 WARNING: User login successful.
2025-05-28 07:44:23,045 ERROR: High memory usage detected.
2025-05-28 07:44:25,753 ERROR: Disk space getting low.
2025-05-28 07:44:29,693 INFO: System running smoothly.
2025-05-28 07:44:34,522 WARNING: Disk space getting low.
2025-05-28 07:44:39,423 INFO: Service restarted.
2025-05-28 07:44:43,841 ERROR: Failed to connect to database.
2025-05-28 07:44:47,103 ERROR: Unexpected error in module X.
2025-05-28 07:44:49,615 INFO: Network latency detected.
2025-05-28 07:44:51,804 ERROR: Disk space getting low.
2025-05-28 07:44:54,931 INFO: Network latency detected.
2025-05-28 07:44:57,661 ERROR: System running smoothly.
2025-05-28 07:45:01,552 INFO: System running smoothly.
2025-05-28 07:45:03,819 INFO: Disk space getting low.
2025-05-28 07:45:06,736 WARNING: User login successful.
2025-05-28 07:45:09,809 WARNING: User login successful.
2025-05-28 07:45:12,951 ERROR: Service restarted.
2025-05-28 07:45:16,873 ERROR: Disk space getting low.
2025-05-28 07:45:20,428 INFO: Unexpected error in module X.
2025-05-28 07:45:24,591 INFO: Failed to connect to database.
2025-05-28 07:45:28,240 ERROR: Failed to connect to database.
2025-05-28 07:45:33,184 INFO: Unexpected error in module X.
2025-05-28 07:45:37,815 INFO: Service restarted.
2025-05-28 07:45:40,345 INFO: High memory usage detected.
2025-05-28 07:45:42,935 INFO: Disk space getting low.
2025-05-28 07:45:47,082 INFO: Network latency detected.
2025-05-28 07:45:50,065 INFO: Unexpected error in module X.
2025-05-28 07:45:53,142 ERROR: System running smoothly.
2025-05-28 07:45:57,439 INFO: Service restarted.
2025-05-28 07:46:01,431 INFO: System running smoothly.
2025-05-28 07:46:04,327 ERROR: Unexpected error in module X.
2025-05-28 07:46:07,101 INFO: User login successful.
2025-05-28 07:46:10,035 INFO: Service restarted.
2025-05-28 07:46:14,787 ERROR: User login successful.
2025-05-28 07:46:19,397 ERROR: Service restarted.
2025-05-28 07:46:23,962 WARNING: Unexpected error in module X.
2025-05-28 07:46:27,300 ERROR: Network latency detected.
2025-05-28 07:46:31,349 ERROR: User login successful.
2025-05-28 07:46:35,604 INFO: Failed to connect to database.
2025-05-28 07:46:40,394 ERROR: Failed to connect to database.
2025-05-28 07:46:45,018 INFO: System running smoothly.
2025-05-28 07:46:47,104 ERROR: Disk space getting low.
2025-05-28 07:46:51,122 INFO: Failed to connect to database.
2025-05-28 07:46:54,484 WARNING: Service restarted.
2025-05-28 07:46:56,570 INFO: User login successful.
2025-05-28 07:46:58,949 INFO: Unexpected error in module X.
2025-05-28 07:47:02,443 ERROR: System running smoothly.
2025-05-28 07:47:06,463 ERROR: System running smoothly.
2025-05-28 07:47:10,309 INFO: High memory usage detected.
2025-05-28 07:47:14,163 WARNING: System running smoothly.
2025-05-28 07:47:17,811 ERROR: System running smoothly.
2025-05-28 07:47:20,707 ERROR: High memory usage detected.
2025-05-28 07:47:23,620 WARNING: High memory usage detected.
2025-05-28 07:47:26,634 INFO: Service restarted.
2025-05-28 07:47:30,236 INFO: Unexpected error in module X.
2025-05-28 07:47:32,897 WARNING: High memory usage detected.
2025-05-28 07:47:35,652 WARNING: Service restarted.
2025-05-28 07:47:38,401 ERROR: Unexpected error in module X.
2025-05-28 07:47:42,508 ERROR: High memory usage detected.
2025-05-28 07:47:45,211 INFO: Network latency detected.
2025-05-28 07:47:48,203 ERROR: High memory usage detected.
2025-05-28 07:47:51,113 WARNING: User login successful.
2025-05-28 07:47:55,943 WARNING: System running smoothly.
2025-05-28 07:48:00,307 ERROR: User login successful.
2025-05-28 07:48:04,199 ERROR: Network latency detected.
2025-05-28 07:48:07,426 WARNING: Unexpected error in module X.
2025-05-28 07:48:11,396 ERROR: Disk space getting low.
2025-05-28 07:48:15,659 ERROR: Disk space getting low.
2025-05-28 07:48:18,528 ERROR: Network latency detected.
2025-05-28 07:48:21,679 INFO: High memory usage detected.
2025-05-28 07:48:24,743 ERROR: Failed to connect to database.
2025-05-28 07:48:29,172 ERROR: User login successful.
2025-05-28 07:48:31,568 WARNING: Unexpected error in module X.
2025-05-28 07:48:36,167 ERROR: High memory usage detected.
2025-05-28 07:48:40,945 INFO: Failed to connect to database.
2025-05-28 07:48:44,537 WARNING: Service restarted.
2025-05-28 07:48:48,333 WARNING: Failed to connect to database.
2025-05-28 07:48:50,459 INFO: Unexpected error in module X.
2025-05-28 07:48:52,703 ERROR: High memory usage detected.
2025-05-28 07:48:56,828 WARNING: Network latency detected.
2025-05-28 07:49:00,763 INFO: Failed to connect to database.
2025-05-28 07:49:03,336 INFO: High memory usage detected.
2025-05-28 09:00:27,470 INFO: Network latency detected.
2025-05-28 09:00:30,555 ERROR: Network latency detected.
2025-05-28 09:00:34,023 INFO: User login successful.
2025-05-28 09:00:36,836 INFO: Disk space getting low.
2025-05-28 09:00:40,318 ERROR: Service restarted.
2025-05-28 09:00:44,860 WARNING: High memory usage detected.
2025-05-28 09:00:48,942 WARNING: Unexpected error in module X.
2025-05-28 09:00:51,712 ERROR: System running smoothly.
2025-05-28 09:00:53,962 WARNING: Service restarted.
2025-05-28 09:00:57,399 ERROR: System running smoothly.
2025-05-28 09:01:01,949 WARNING: Unexpected error in module X.
2025-05-28 09:01:04,967 INFO: User login successful.
2025-05-28 09:01:08,438 INFO: Service restarted.
2025-05-28 09:01:11,329 INFO: High memory usage detected.
2025-05-28 09:01:16,268 INFO: System running smoothly.
2025-05-28 09:01:19,653 WARNING: Network latency detected.
2025-05-28 09:01:23,705 WARNING: Service restarted.
2025-05-28 09:01:28,416 ERROR: Service restarted.
2025-05-28 09:01:31,111 WARNING: High memory usage detected.
2025-05-28 09:01:34,511 WARNING: System running smoothly.
2025-05-28 09:01:37,763 ERROR: High memory usage detected.
2025-05-28 09:01:40,865 INFO: Network latency detected.
2025-05-28 09:01:43,796 WARNING: High memory usage detected.
2025-05-28 09:01:48,521 INFO: Failed to connect to database.
2025-05-28 09:01:51,735 ERROR: Disk space getting low.
2025-05-28 09:01:56,114 WARNING: Failed to connect to database.
2025-05-28 09:01:58,732 INFO: High memory usage detected.
2025-05-28 09:02:00,924 ERROR: Failed to connect to database.
2025-05-28 09:02:03,025 INFO: Failed to connect to database.
2025-05-28 09:02:05,897 INFO: High memory usage detected.
2025-05-28 09:02:09,026 ERROR: Unexpected error in module X.
2025-05-28 09:02:13,672 ERROR: Disk space getting low.
2025-05-28 09:02:16,778 ERROR: High memory usage detected.
2025-05-28 09:02:19,965 INFO: Disk space getting low.
2025-05-28 09:02:24,533 INFO: Service restarted.
2025-05-28 09:02:28,481 INFO: High memory usage detected.
2025-05-28 09:02:30,950 INFO: Unexpected error in module X.
2025-05-28 09:02:35,124 INFO: Network latency detected.
2025-05-28 09:02:38,183 WARNING: User login successful.
2025-05-28 09:02:40,678 WARNING: Service restarted.
2025-05-28 09:02:44,717 ERROR: High memory usage detected.
2025-05-28 09:02:48,140 WARNING: High memory usage detected.
2025-05-28 09:02:52,518 INFO: Disk space getting low.
2025-05-28 09:02:57,506 ERROR: Service restarted.
2025-05-28 09:03:01,664 INFO: User login successful.
2025-05-28 09:03:04,125 WARNING: Service restarted.
2025-05-28 09:03:08,046 ERROR: Unexpected error in module X.
2025-05-28 09:03:11,624 WARNING: Service restarted.
2025-05-28 09:03:14,319 INFO: System running smoothly.
2025-05-28 09:03:18,854 INFO: Service restarted.
2025-05-28 09:03:21,406 ERROR: Failed to connect to database.
2025-05-28 09:03:24,740 ERROR: Network latency detected.
2025-05-28 09:03:29,309 WARNING: Network latency detected.
2025-05-28 09:03:33,595 INFO: Unexpected error in module X.
2025-05-28 09:03:36,693 ERROR: Service restarted.
2025-05-28 09:03:38,803 INFO: Disk space getting low.
2025-05-28 09:03:42,408 ERROR: Network latency detected.
2025-05-28 09:03:45,461 WARNING: Unexpected error in module X.
2025-05-28 09:03:49,372 WARNING: High memory usage detected.
2025-05-28 09:03:54,312 INFO: System running smoothly.
2025-05-28 09:03:56,923 WARNING: Failed to connect to database.
2025-05-28 09:04:01,267 WARNING: Disk space getting low.
2025-05-28 09:04:04,041 INFO: System running smoothly.
2025-05-28 09:04:07,542 WARNING: Failed to connect to database.
2025-05-28 09:04:10,509 WARNING: Disk space getting low.
2025-05-28 09:04:13,833 WARNING: Service restarted.
2025-05-28 09:04:16,881 ERROR: User login successful.
2025-05-28 09:04:20,444 WARNING: Network latency detected.
2025-05-28 09:04:24,398 ERROR: Failed to connect to database.
2025-05-28 09:04:27,919 WARNING: High memory usage detected.
2025-05-28 09:04:31,209 INFO: Disk space getting low.
2025-05-28 09:04:33,891 WARNING: Network latency detected.
2025-05-28 09:04:36,075 ERROR: System running smoothly.
2025-05-28 09:04:41,047 WARNING: Failed to connect to database.
2025-05-28 09:04:44,765 WARNING: System running smoothly.
2025-05-28 09:04:48,480 INFO: User login successful.
2025-05-28 09:04:52,942 WARNING: Disk space getting low.
2025-05-28 09:04:55,141 WARNING: High memory usage detected.
2025-05-28 09:04:57,767 INFO: Network latency detected.
2025-05-28 09:05:00,945 WARNING: High memory usage detected.
2025-05-28 09:05:05,604 INFO: Service restarted.
